<?xml version="1.0" encoding="UTF-8"?>
<!-- Generated by org.testng.reporters.JUnitReportReporter -->
<testsuite hostname="LAPTOP-TDDV87RG" failures="0" tests="2" name="com.tend.qa.testcases.LandingPageTest" time="39.341" errors="0" timestamp="2024-05-23T15:11:34 IST" skipped="0">
  <testcase classname="com.tend.qa.testcases.LandingPageTest" name="verify_Top_Menu_Item_Is_Displayed_And_Accessibile" time="19.732"/>
  <testcase classname="com.tend.qa.testcases.LandingPageTest" name="verify_Request_Demo_Button_Is_Enable_And_Clickable_On_Each_Of_The_Aforementioned_Top_Level_Menu_pages" time="19.609"/>
</testsuite> <!-- com.tend.qa.testcases.LandingPageTest -->
