<?xml version="1.0" encoding="UTF-8"?>
<!-- Generated by org.testng.reporters.JUnitReportReporter -->
<testsuite hostname="LAPTOP-TDDV87RG" failures="0" tests="1" name="com.tend.qa.testcases.ContactPageTest" time="14.934" errors="0" timestamp="2024-05-23T15:11:34 IST" skipped="0">
  <testcase classname="com.tend.qa.testcases.ContactPageTest" name="verify_Error_Message_On_Form_Details_For_Contact_Page_For_Marketing_Section" time="14.934"/>
</testsuite> <!-- com.tend.qa.testcases.ContactPageTest -->
